SF:lib/src/models/movie.dart
DA:90,2
DA:119,4
DA:121,2
DA:123,2
DA:124,2
DA:127,1
DA:128,2
LF:7
LH:7
end_of_record
SF:lib/src/models/movie.g.dart
DA:9,4
DA:12,2
DA:13,2
DA:14,6
DA:15,4
DA:16,4
DA:17,4
DA:18,4
DA:20,4
DA:21,4
DA:22,6
DA:24,6
DA:26,6
DA:27,2
DA:29,2
DA:30,6
DA:31,2
DA:32,4
DA:34,4
DA:35,4
DA:37,4
DA:38,4
DA:39,4
DA:41,4
DA:42,2
DA:43,2
DA:45,4
DA:47,4
DA:49,4
DA:50,4
DA:51,2
DA:53,2
DA:54,6
DA:55,2
DA:56,2
DA:57,4
DA:58,2
DA:59,4
DA:80,2
DA:81,1
DA:82,1
DA:83,1
DA:84,1
DA:85,1
DA:86,1
DA:87,1
DA:88,1
DA:89,1
DA:90,1
DA:91,5
DA:92,1
DA:93,1
DA:94,1
DA:95,1
DA:96,1
DA:97,1
DA:98,1
DA:99,1
DA:100,1
DA:101,1
DA:102,1
DA:103,1
DA:104,5
DA:105,1
DA:106,2
LF:65
LH:65
end_of_record
SF:lib/src/models/movie_detail.dart
DA:38,2
DA:66,2
DA:67,2
DA:69,2
DA:71,2
DA:72,2
DA:75,1
DA:76,2
LF:8
LH:8
end_of_record
SF:lib/src/models/movie_detail.g.dart
DA:9,4
DA:12,2
DA:13,2
DA:14,6
DA:15,4
DA:16,4
DA:17,4
DA:18,4
DA:19,4
DA:20,4
DA:21,6
DA:22,6
DA:23,6
DA:24,2
DA:26,2
DA:27,6
DA:28,2
DA:29,6
DA:31,4
DA:33,4
DA:35,4
DA:36,4
DA:37,4
DA:39,4
DA:41,4
DA:43,4
DA:45,4
DA:47,4
DA:48,2
DA:50,2
DA:51,6
DA:52,2
DA:53,2
DA:54,4
DA:55,2
DA:56,4
DA:79,1
DA:80,1
DA:81,1
DA:82,1
DA:83,1
DA:84,1
DA:85,1
DA:86,1
DA:87,1
DA:88,1
DA:89,1
DA:90,1
DA:91,1
DA:92,1
DA:93,1
DA:94,1
DA:95,1
DA:96,1
DA:97,1
DA:98,1
DA:99,1
DA:100,1
DA:101,1
DA:102,1
DA:103,5
DA:104,5
DA:105,2
LF:63
LH:63
end_of_record
SF:lib/src/models/torrent.dart
DA:28,4
DA:45,4
DA:46,4
DA:48,6
DA:50,4
DA:51,4
DA:54,3
DA:55,6
LF:8
LH:8
end_of_record
SF:lib/src/models/torrent.g.dart
DA:9,8
DA:12,4
DA:13,4
DA:14,8
DA:15,8
DA:16,8
DA:17,8
DA:18,8
DA:19,8
DA:20,8
DA:21,8
DA:22,8
DA:23,12
DA:24,12
DA:26,12
DA:27,4
DA:28,8
DA:29,4
DA:30,8
DA:45,6
DA:46,3
DA:47,3
DA:48,3
DA:49,3
DA:50,3
DA:51,3
DA:52,3
DA:53,3
DA:54,3
DA:55,3
DA:56,3
DA:57,3
DA:58,6
DA:59,3
LF:34
LH:34
end_of_record
SF:lib/src/yts_mx_api_client.dart
DA:14,1
DA:15,1
DA:22,1
DA:23,1
DA:28,2
DA:30,3
DA:32,3
DA:34,2
DA:36,4
DA:37,1
DA:38,1
DA:42,1
DA:43,1
DA:46,2
DA:49,2
DA:51,3
DA:53,3
DA:55,2
DA:57,4
DA:58,1
DA:59,1
DA:63,1
DA:64,1
DA:67,2
DA:70,2
DA:72,3
DA:74,3
DA:76,2
DA:78,3
DA:82,1
DA:83,1
DA:86,2
DA:89,2
DA:91,3
DA:93,3
DA:95,2
DA:97,4
DA:98,1
DA:99,1
LF:39
LH:39
end_of_record
